#
# A fatal error has been detected by the Java Runtime Environment:
#
#  EXCEPTION_ACCESS_VIOLATION (0xc0000005) at pc=0x0000000069bf9eef, pid=9516, tid=5580
#
# JRE version: Java(TM) SE Runtime Environment (8.0_77-b03) (build 1.8.0_77-b03)
# Java VM: Java HotSpot(TM) 64-Bit Server VM (25.77-b03 mixed mode windows-amd64 compressed oops)
# Problematic frame:
# V  [jvm.dll+0x4b9eef]
#
# Failed to write core dump. Minidumps are not enabled by default on client versions of Windows
#
# If you would like to submit a bug report, please visit:
#   http://bugreport.java.com/bugreport/crash.jsp
#

---------------  T H R E A D  ---------------

Current thread (0x000000001492d000):  JavaThread "C2 CompilerThread0" daemon [_thread_in_native, id=5580, stack(0x0000000015f80000,0x0000000016080000)]

siginfo: ExceptionCode=0xc0000005, reading address 0x0000000010000808

Registers:
RAX=0x0000000017540ee8, RBX=0x0000000010000800, RCX=0x0000000000000000, RDX=0x0000000000008000
RSP=0x000000001607b960, RBP=0x0000000017542cb0, RSI=0x0000000000000086, RDI=0x000000001607be30
R8 =0x00000000000027ba, R9 =0x0000000018060f20, R10=0x000000001607be30, R11=0x0000000016550bb0
R12=0x0000000017540ee8, R13=0x000000001828fe50, R14=0x000000001607ba48, R15=0x000000001607ba68
RIP=0x0000000069bf9eef, EFLAGS=0x0000000000010212

Top of Stack: (sp=0x000000001607b960)
0x000000001607b960:   0000000017543fa0 0000000017542cb0
0x000000001607b970:   0000000000000085 0000000017686e50
0x000000001607b980:   0000000017542cb0 000000001607bab8
0x000000001607b990:   000000001607bb10 0000000069bfb709
0x000000001607b9a0:   0000000017543fa0 0000000000000086
0x000000001607b9b0:   0000000000000001 000000001749adc0
0x000000001607b9c0:   000000001607c800 0000000069c2e240
0x000000001607b9d0:   0000000017b3b640 00000000148f7330
0x000000001607b9e0:   00000000164b62c0 000000001607bb10
0x000000001607b9f0:   00000000148f7330 0000000000000000
0x000000001607ba00:   000000001607be30 0000000069bfd626
0x000000001607ba10:   000000001607be30 0000000000000001
0x000000001607ba20:   0000000000000001 00000000164b62c0
0x000000001607ba30:   0000000017b3b690 0000000017b43628
0x000000001607ba40:   00000000001a0158 00000000148f7330
0x000000001607ba50:   0000000000000200 00000000172b9300 

Instructions: (pc=0x0000000069bf9eef)
0x0000000069bf9ecf:   4c 89 64 24 50 4c 8b e0 4c 3b e8 0f 84 4f 01 00
0x0000000069bf9edf:   00 44 8b 43 28 4c 8b 8f f0 09 00 00 4b 8b 1c c1
0x0000000069bf9eef:   48 8b 43 08 48 83 38 00 75 2a 8b 57 28 0f 1f 40
0x0000000069bf9eff:   00 8b 43 28 3b c2 73 0c 8b c8 48 8b 47 30 48 8b 


Register to memory mapping:

RAX=0x0000000017540ee8 is an unknown value
RBX=0x0000000010000800 is an unknown value
RCX=0x0000000000000000 is an unknown value
RDX=0x0000000000008000 is an unknown value
RSP=0x000000001607b960 is pointing into the stack for thread: 0x000000001492d000
RBP=0x0000000017542cb0 is an unknown value
RSI=0x0000000000000086 is an unknown value
RDI=0x000000001607be30 is pointing into the stack for thread: 0x000000001492d000
R8 =0x00000000000027ba is an unknown value
R9 =0x0000000018060f20 is an unknown value
R10=0x000000001607be30 is pointing into the stack for thread: 0x000000001492d000
R11=0x0000000016550bb0 is an unknown value
R12=0x0000000017540ee8 is an unknown value
R13=0x000000001828fe50 is an unknown value
R14=0x000000001607ba48 is pointing into the stack for thread: 0x000000001492d000
R15=0x000000001607ba68 is pointing into the stack for thread: 0x000000001492d000


Stack: [0x0000000015f80000,0x0000000016080000],  sp=0x000000001607b960,  free space=1006k
Native frames: (J=compiled Java code, j=interpreted, Vv=VM code, C=native code)
V  [jvm.dll+0x4b9eef]
V  [jvm.dll+0x4bb709]
V  [jvm.dll+0x4bd626]
V  [jvm.dll+0x46f5e1]
V  [jvm.dll+0x47031e]
V  [jvm.dll+0x453492]
V  [jvm.dll+0xa4ae2]
V  [jvm.dll+0xa541f]
V  [jvm.dll+0x243434]
V  [jvm.dll+0x29a27a]
C  [msvcr100.dll+0x21d9f]
C  [msvcr100.dll+0x21e3b]
C  [KERNEL32.DLL+0x18102]
C  [ntdll.dll+0x5c5b4]


Current CompileTask:
C2:   7886 1852   !   4       com.android.dx.cf.cst.ConstantPoolParser::parse0 (731 bytes)


---------------  P R O C E S S  ---------------

Java Threads: ( => current thread )
  0x0000000016515000 JavaThread "pool-2-thread-4" [_thread_in_Java, id=10084, stack(0x0000000016c80000,0x0000000016d80000)]
  0x0000000016514800 JavaThread "pool-2-thread-3" [_thread_in_Java, id=208, stack(0x0000000016b80000,0x0000000016c80000)]
  0x0000000016513800 JavaThread "pool-2-thread-2" [_thread_in_Java, id=7616, stack(0x0000000016a80000,0x0000000016b80000)]
  0x0000000016511000 JavaThread "pool-3-thread-1" [_thread_blocked, id=6256, stack(0x0000000016980000,0x0000000016a80000)]
  0x00000000164d5000 JavaThread "pool-2-thread-1" [_thread_in_Java, id=6792, stack(0x0000000016880000,0x0000000016980000)]
  0x000000001498d800 JavaThread "Service Thread" daemon [_thread_blocked, id=224, stack(0x0000000016680000,0x0000000016780000)]
  0x000000001498b000 JavaThread "C1 CompilerThread2" daemon [_thread_blocked, id=352, stack(0x0000000016180000,0x0000000016280000)]
  0x0000000014986000 JavaThread "C2 CompilerThread1" daemon [_thread_in_native, id=9488, stack(0x0000000016080000,0x0000000016180000)]
=>0x000000001492d000 JavaThread "C2 CompilerThread0" daemon [_thread_in_native, id=5580, stack(0x0000000015f80000,0x0000000016080000)]
  0x000000001492b000 JavaThread "Attach Listener" daemon [_thread_blocked, id=3452, stack(0x0000000015e80000,0x0000000015f80000)]
  0x000000001492a000 JavaThread "Signal Dispatcher" daemon [_thread_blocked, id=5636, stack(0x0000000015d80000,0x0000000015e80000)]
  0x000000001491a800 JavaThread "Finalizer" daemon [_thread_blocked, id=6416, stack(0x0000000015ba0000,0x0000000015ca0000)]
  0x000000000224f000 JavaThread "Reference Handler" daemon [_thread_blocked, id=2080, stack(0x0000000015aa0000,0x0000000015ba0000)]
  0x0000000002160800 JavaThread "main" [_thread_in_Java, id=7800, stack(0x0000000001e70000,0x0000000001f70000)]

Other Threads:
  0x00000000148f8000 VMThread [stack: 0x00000000159a0000,0x0000000015aa0000] [id=5264]
  0x0000000016286800 WatcherThread [stack: 0x0000000016780000,0x0000000016880000] [id=8064]

VM state:not at safepoint (normal execution)

VM Mutex/Monitor currently owned by a thread: None

Heap:
 PSYoungGen      total 66560K, used 40275K [0x00000000eab00000, 0x00000000f2d00000, 0x0000000100000000)
  eden space 61440K, 57% used [0x00000000eab00000,0x00000000ecd5bb60,0x00000000ee700000)
  from space 5120K, 99% used [0x00000000ee700000,0x00000000eebf9318,0x00000000eec00000)
  to   space 5120K, 0% used [0x00000000f2800000,0x00000000f2800000,0x00000000f2d00000)
 ParOldGen       total 81920K, used 13313K [0x00000000c0000000, 0x00000000c5000000, 0x00000000eab00000)
  object space 81920K, 16% used [0x00000000c0000000,0x00000000c0d00650,0x00000000c5000000)
 Metaspace       used 6301K, capacity 7154K, committed 7296K, reserved 1056768K
  class space    used 605K, capacity 618K, committed 640K, reserved 1048576K

Card table byte_map: [0x0000000011620000,0x0000000011830000] byte_map_base: 0x0000000011020000

Marking Bits: (ParMarkBitMap*) 0x0000000069f50600
 Begin Bits: [0x0000000011d90000, 0x0000000012d90000)
 End Bits:   [0x0000000012d90000, 0x0000000013d90000)

Polling page: 0x00000000001f0000

CodeCache: size=245760Kb used=8259Kb max_used=8264Kb free=237500Kb
 bounds [0x0000000002260000, 0x0000000002a80000, 0x0000000011260000]
 total_blobs=2067 nmethods=1798 adapters=182
 compilation: enabled

Compilation events (10 events):
Event: 7.730 Thread 0x000000001498b000 1853       3       com.android.dx.util.IntList::binarysearch (124 bytes)
Event: 7.731 Thread 0x000000001498b000 nmethod 1853 0x0000000002a5a090 code [0x0000000002a5a220, 0x0000000002a5a6d0]
Event: 7.732 Thread 0x000000001498b000 1854       2       com.android.dx.ssa.LocalVariableInfo::getStarts (19 bytes)
Event: 7.732 Thread 0x000000001498b000 nmethod 1854 0x0000000002a59a50 code [0x0000000002a59bc0, 0x0000000002a59e08]
Event: 7.733 Thread 0x000000001498b000 1855       2       java.util.ArrayList$SubList::get (23 bytes)
Event: 7.734 Thread 0x000000001498b000 nmethod 1855 0x0000000002a77c90 code [0x0000000002a77e20, 0x0000000002a78108]
Event: 7.734 Thread 0x000000001498b000 1856       2       java.util.ArrayList$SubList::rangeCheck (26 bytes)
Event: 7.734 Thread 0x000000001498b000 nmethod 1856 0x0000000002a772d0 code [0x0000000002a77480, 0x0000000002a77918]
Event: 7.734 Thread 0x000000001498b000 1857       2       com.android.dx.ssa.InterferenceRegisterMapper::interferes (78 bytes)
Event: 7.735 Thread 0x000000001498b000 nmethod 1857 0x0000000002a76750 code [0x0000000002a76900, 0x0000000002a76dc8]

GC Heap History (6 events):
Event: 3.418 GC heap before
{Heap before GC invocations=1 (full 0):
 PSYoungGen      total 35840K, used 30720K [0x00000000eab00000, 0x00000000ed300000, 0x0000000100000000)
  eden space 30720K, 100% used [0x00000000eab00000,0x00000000ec900000,0x00000000ec900000)
  from space 5120K, 0% used [0x00000000ece00000,0x00000000ece00000,0x00000000ed300000)
  to   space 5120K, 0% used [0x00000000ec900000,0x00000000ec900000,0x00000000ece00000)
 ParOldGen       total 81920K, used 0K [0x00000000c0000000, 0x00000000c5000000, 0x00000000eab00000)
  object space 81920K, 0% used [0x00000000c0000000,0x00000000c0000000,0x00000000c5000000)
 Metaspace       used 5972K, capacity 6898K, committed 7040K, reserved 1056768K
  class space    used 604K, capacity 618K, committed 640K, reserved 1048576K
Event: 3.687 GC heap after
Heap after GC invocations=1 (full 0):
 PSYoungGen      total 35840K, used 5092K [0x00000000eab00000, 0x00000000ef100000, 0x0000000100000000)
  eden space 30720K, 0% used [0x00000000eab00000,0x00000000eab00000,0x00000000ec900000)
  from space 5120K, 99% used [0x00000000ec900000,0x00000000ecdf91b8,0x00000000ece00000)
  to   space 5120K, 0% used [0x00000000eec00000,0x00000000eec00000,0x00000000ef100000)
 ParOldGen       total 81920K, used 820K [0x00000000c0000000, 0x00000000c5000000, 0x00000000eab00000)
  object space 81920K, 1% used [0x00000000c0000000,0x00000000c00cd030,0x00000000c5000000)
 Metaspace       used 5972K, capacity 6898K, committed 7040K, reserved 1056768K
  class space    used 604K, capacity 618K, committed 640K, reserved 1048576K
}
Event: 5.371 GC heap before
{Heap before GC invocations=2 (full 0):
 PSYoungGen      total 35840K, used 35812K [0x00000000eab00000, 0x00000000ef100000, 0x0000000100000000)
  eden space 30720K, 100% used [0x00000000eab00000,0x00000000ec900000,0x00000000ec900000)
  from space 5120K, 99% used [0x00000000ec900000,0x00000000ecdf91b8,0x00000000ece00000)
  to   space 5120K, 0% used [0x00000000eec00000,0x00000000eec00000,0x00000000ef100000)
 ParOldGen       total 81920K, used 820K [0x00000000c0000000, 0x00000000c5000000, 0x00000000eab00000)
  object space 81920K, 1% used [0x00000000c0000000,0x00000000c00cd030,0x00000000c5000000)
 Metaspace       used 6159K, capacity 7026K, committed 7296K, reserved 1056768K
  class space    used 604K, capacity 618K, committed 640K, reserved 1048576K
Event: 5.512 GC heap after
Heap after GC invocations=2 (full 0):
 PSYoungGen      total 66560K, used 5119K [0x00000000eab00000, 0x00000000ef100000, 0x0000000100000000)
  eden space 61440K, 0% used [0x00000000eab00000,0x00000000eab00000,0x00000000ee700000)
  from space 5120K, 99% used [0x00000000eec00000,0x00000000ef0ffd68,0x00000000ef100000)
  to   space 5120K, 0% used [0x00000000ee700000,0x00000000ee700000,0x00000000eec00000)
 ParOldGen       total 81920K, used 4000K [0x00000000c0000000, 0x00000000c5000000, 0x00000000eab00000)
  object space 81920K, 4% used [0x00000000c0000000,0x00000000c03e8368,0x00000000c5000000)
 Metaspace       used 6159K, capacity 7026K, committed 7296K, reserved 1056768K
  class space    used 604K, capacity 618K, committed 640K, reserved 1048576K
}
Event: 6.882 GC heap before
{Heap before GC invocations=3 (full 0):
 PSYoungGen      total 66560K, used 66559K [0x00000000eab00000, 0x00000000ef100000, 0x0000000100000000)
  eden space 61440K, 100% used [0x00000000eab00000,0x00000000ee700000,0x00000000ee700000)
  from space 5120K, 99% used [0x00000000eec00000,0x00000000ef0ffd68,0x00000000ef100000)
  to   space 5120K, 0% used [0x00000000ee700000,0x00000000ee700000,0x00000000eec00000)
 ParOldGen       total 81920K, used 4000K [0x00000000c0000000, 0x00000000c5000000, 0x00000000eab00000)
  object space 81920K, 4% used [0x00000000c0000000,0x00000000c03e8368,0x00000000c5000000)
 Metaspace       used 6285K, capacity 7154K, committed 7296K, reserved 1056768K
  class space    used 605K, capacity 618K, committed 640K, reserved 1048576K
Event: 7.312 GC heap after
Heap after GC invocations=3 (full 0):
 PSYoungGen      total 66560K, used 5092K [0x00000000eab00000, 0x00000000f2d00000, 0x0000000100000000)
  eden space 61440K, 0% used [0x00000000eab00000,0x00000000eab00000,0x00000000ee700000)
  from space 5120K, 99% used [0x00000000ee700000,0x00000000eebf9318,0x00000000eec00000)
  to   space 5120K, 0% used [0x00000000f2800000,0x00000000f2800000,0x00000000f2d00000)
 ParOldGen       total 81920K, used 13313K [0x00000000c0000000, 0x00000000c5000000, 0x00000000eab00000)
  object space 81920K, 16% used [0x00000000c0000000,0x00000000c0d00650,0x00000000c5000000)
 Metaspace       used 6285K, capacity 7154K, committed 7296K, reserved 1056768K
  class space    used 605K, capacity 618K, committed 640K, reserved 1048576K
}

Deoptimization events (10 events):
Event: 5.922 Thread 0x00000000164d5000 Uncommon trap: reason=unstable_if action=reinterpret pc=0x000000000288bba8 method=com.android.dx.util.MutabilityControl.isImmutable()Z @ 4
Event: 6.385 Thread 0x0000000016514800 Uncommon trap: reason=bimorphic action=maybe_recompile pc=0x000000000274fa0c method=java.util.HashMap.putVal(ILjava/lang/Object;Ljava/lang/Object;ZZ)Ljava/lang/Object; @ 203
Event: 6.395 Thread 0x0000000016514800 Uncommon trap: reason=unstable_if action=reinterpret pc=0x00000000027ed0bc method=com.android.dx.ssa.SCCP.simulateStmt(Lcom/android/dx/ssa/SsaInsn;)V @ 53
Event: 6.405 Thread 0x0000000016515000 Uncommon trap: reason=unstable_if action=reinterpret pc=0x000000000299392c method=com.android.dx.cf.code.RopperMachine.run(Lcom/android/dx/cf/code/Frame;II)V @ 1500
Event: 6.413 Thread 0x0000000016514800 Uncommon trap: reason=unstable_if action=reinterpret pc=0x0000000002608e3c method=com.android.dx.util.IntList.binarysearch(I)I @ 105
Event: 6.453 Thread 0x0000000016513800 Uncommon trap: reason=unstable_if action=reinterpret pc=0x0000000002864c80 method=com.android.dx.ssa.LiteralOpUpgrader$1.visitNonMoveInsn(Lcom/android/dx/ssa/NormalSsaInsn;)V @ 55
Event: 6.454 Thread 0x0000000016513800 Uncommon trap: reason=unstable_if action=reinterpret pc=0x000000000268d99c method=com.android.dx.ssa.SsaMethod.updateOneDefinition(Lcom/android/dx/ssa/SsaInsn;Lcom/android/dx/rop/code/RegisterSpec;)V @ 4
Event: 7.732 Thread 0x0000000002160800 Uncommon trap: reason=bimorphic action=maybe_recompile pc=0x000000000274fa0c method=java.util.HashMap.putVal(ILjava/lang/Object;Ljava/lang/Object;ZZ)Ljava/lang/Object; @ 203
Event: 7.732 Thread 0x0000000002160800 Uncommon trap: reason=bimorphic action=maybe_recompile pc=0x000000000274fa0c method=java.util.HashMap.putVal(ILjava/lang/Object;Ljava/lang/Object;ZZ)Ljava/lang/Object; @ 203
Event: 7.734 Thread 0x0000000002160800 Uncommon trap: reason=unstable_if action=reinterpret pc=0x00000000029da930 method=com.android.dx.ssa.InterferenceRegisterMapper.interferes(III)Z @ 69

Internal exceptions (2 events):
Event: 0.170 Thread 0x0000000002160800 Exception <a 'java/lang/NoSuchMethodError': Method sun.misc.Unsafe.defineClass(Ljava/lang/String;[BII)Ljava/lang/Class; name or signature does not match> (0x00000000eab07cc0) thrown at [D:\re\workspace\8-2-build-windows-amd64-cygwin\jdk8u77\6540\hotspot\sr;,Çfý¹Å?
Event: 0.170 Thread 0x0000000002160800 Exception <a 'java/lang/NoSuchMethodError': Method sun.misc.Unsafe.prefetchRead(Ljava/lang/Object;J)V name or signature does not match> (0x00000000eab07fa8) thrown at [D:\re\workspace\8-2-build-windows-amd64-cygwin\jdk8u77\6540\hotspot\src\share\vm\prims\jð

Events (10 events):
Event: 7.731 Thread 0x0000000016513800 DEOPT UNPACKING pc=0x00000000022a787f sp=0x0000000016b7e5f0 mode 0
Event: 7.732 Thread 0x0000000002160800 Uncommon trap: trap_request=0xffffffc6 fr.pc=0x000000000274fa0c
Event: 7.732 Thread 0x0000000002160800 DEOPT PACKING pc=0x000000000274fa0c sp=0x0000000001f6e300
Event: 7.732 Thread 0x0000000002160800 DEOPT UNPACKING pc=0x00000000022a582a sp=0x0000000001f6e288 mode 2
Event: 7.732 Thread 0x0000000002160800 Uncommon trap: trap_request=0xffffffc6 fr.pc=0x000000000274fa0c
Event: 7.732 Thread 0x0000000002160800 DEOPT PACKING pc=0x000000000274fa0c sp=0x0000000001f6e300
Event: 7.732 Thread 0x0000000002160800 DEOPT UNPACKING pc=0x00000000022a582a sp=0x0000000001f6e288 mode 2
Event: 7.734 Thread 0x0000000002160800 Uncommon trap: trap_request=0xffffff65 fr.pc=0x00000000029da930
Event: 7.734 Thread 0x0000000002160800 DEOPT PACKING pc=0x00000000029da930 sp=0x0000000001f6e570
Event: 7.734 Thread 0x0000000002160800 DEOPT UNPACKING pc=0x00000000022a582a sp=0x0000000001f6e500 mode 2


Dynamic libraries:
0x00007ff7185f0000 - 0x00007ff718627000 	C:\Program Files\Java\jdk1.8.0_77\bin\java.exe
0x00007ff850f10000 - 0x00007ff8510d1000 	C:\Windows\SYSTEM32\ntdll.dll
0x00007ff850590000 - 0x00007ff85063d000 	C:\Windows\system32\KERNEL32.DLL
0x00007ff84d6e0000 - 0x00007ff84d8c8000 	C:\Windows\system32\KERNELBASE.dll
0x00007ff850040000 - 0x00007ff8500e7000 	C:\Windows\system32\ADVAPI32.dll
0x00007ff8507a0000 - 0x00007ff85083d000 	C:\Windows\system32\msvcrt.dll
0x00007ff850700000 - 0x00007ff85075b000 	C:\Windows\system32\sechost.dll
0x00007ff850950000 - 0x00007ff850a6c000 	C:\Windows\system32\RPCRT4.dll
0x00007ff84fb20000 - 0x00007ff84fc76000 	C:\Windows\system32\USER32.dll
0x00007ff84fd40000 - 0x00007ff84fec6000 	C:\Windows\system32\GDI32.dll
0x00007ff83bc50000 - 0x00007ff83bec4000 	C:\Windows\WinSxS\amd64_microsoft.windows.common-controls_6595b64144ccf1df_6.0.10586.0_none_8c15ae12515e1c22\COMCTL32.dll
0x00007ff850b40000 - 0x00007ff850dbd000 	C:\Windows\system32\combase.dll
0x00007ff84d5c0000 - 0x00007ff84d62a000 	C:\Windows\system32\bcryptPrimitives.dll
0x00007ff850760000 - 0x00007ff85079b000 	C:\Windows\system32\IMM32.DLL
0x00000000691e0000 - 0x00000000692b2000 	C:\Program Files\Java\jdk1.8.0_77\jre\bin\msvcr100.dll
0x0000000069740000 - 0x0000000069fd0000 	C:\Program Files\Java\jdk1.8.0_77\jre\bin\server\jvm.dll
0x00007ff84fd30000 - 0x00007ff84fd38000 	C:\Windows\system32\PSAPI.DLL
0x00007ff8494f0000 - 0x00007ff8494f9000 	C:\Windows\SYSTEM32\WSOCK32.dll
0x00007ff8500f0000 - 0x00007ff85015b000 	C:\Windows\system32\WS2_32.dll
0x00007ff84bb00000 - 0x00007ff84bb23000 	C:\Windows\SYSTEM32\WINMM.dll
0x00007ff841420000 - 0x00007ff84142a000 	C:\Windows\SYSTEM32\VERSION.dll
0x00007ff84ba40000 - 0x00007ff84ba6c000 	C:\Windows\SYSTEM32\WINMMBASE.dll
0x00007ff84e090000 - 0x00007ff84e0d3000 	C:\Windows\system32\cfgmgr32.dll
0x0000000069650000 - 0x000000006965f000 	C:\Program Files\Java\jdk1.8.0_77\jre\bin\verify.dll
0x0000000069620000 - 0x0000000069649000 	C:\Program Files\Java\jdk1.8.0_77\jre\bin\java.dll
0x0000000069600000 - 0x0000000069616000 	C:\Program Files\Java\jdk1.8.0_77\jre\bin\zip.dll
0x00007ff84e400000 - 0x00007ff84f95c000 	C:\Windows\system32\SHELL32.dll
0x00007ff84d8d0000 - 0x00007ff84df14000 	C:\Windows\system32\windows.storage.dll
0x00007ff8506a0000 - 0x00007ff8506f2000 	C:\Windows\system32\shlwapi.dll
0x00007ff84d5b0000 - 0x00007ff84d5bf000 	C:\Windows\system32\kernel.appcore.dll
0x00007ff84dfd0000 - 0x00007ff84e085000 	C:\Windows\system32\shcore.dll
0x00007ff84d550000 - 0x00007ff84d59b000 	C:\Windows\system32\powrprof.dll
0x00007ff84d530000 - 0x00007ff84d544000 	C:\Windows\system32\profapi.dll
0x00007ff825220000 - 0x00007ff8253ac000 	C:\Windows\SYSTEM32\dbghelp.dll

VM Arguments:
jvm_args: -Djava.awt.headless=true -Xmx1024M -Dfile.encoding=windows-1252 -Duser.country=US -Duser.language=en -Duser.variant 
java_command: com.android.dx.command.Main --dex --force-jumbo --num-threads=4 --multi-dex --output C:\Users\Bharat\Documents\AndroidProjects\PopularMoviesStage2\app\build\intermediates\transforms\dex\debug\folders\1000\10\com.android.support-appcompat-v7-23.2.1_2a5471709cba9f163074c4b3c96cfdbcab831394 C:\Users\Bharat\Documents\AndroidProjects\PopularMoviesStage2\app\build\intermediates\exploded-aar\com.android.support\appcompat-v7\23.2.1\jars\classes.jar
java_class_path (initial): C:\Users\Bharat\AppData\Local\Android\Sdk\build-tools\23.0.3\lib\dx.jar
Launcher Type: SUN_STANDARD

Environment Variables:
PATH=C:\ProgramData\Oracle\Java\javapath;C:\Windows\system32;C:\Windows;C:\Windows\System32\Wbem;C:\Windows\System32\WindowsPowerShell\v1.0\;C:\Program Files\OpenVPN\bin
USERNAME=Bharat
OS=Windows_NT
PROCESSOR_IDENTIFIER=Intel64 Family 6 Model 60 Stepping 3, GenuineIntel



---------------  S Y S T E M  ---------------

OS: Windows 10.0 , 64 bit Build 10586 (10.0.10586.0)

CPU:total 4 (2 cores per cpu, 2 threads per core) family 6 model 60 stepping 3, cmov, cx8, fxsr, mmx, sse, sse2, sse3, ssse3, sse4.1, sse4.2, popcnt, avx, avx2, aes, clmul, erms, lzcnt, ht, tsc, tscinvbit, bmi1, bmi2

Memory: 4k page, physical 7788700k(164764k free), swap 12507292k(2827892k free)

vm_info: Java HotSpot(TM) 64-Bit Server VM (25.77-b03) for windows-amd64 JRE (1.8.0_77-b03), built on Mar 20 2016 22:01:33 by "java_re" with MS VC++ 10.0 (VS2010)

time: Tue May 03 16:47:14 2016
elapsed time: 7 seconds (0d 0h 0m 7s)

